{"level":"info","message":"[CreateUser] => login process started"}
{"level":"info","message":"[CreateUser] => login process started"}
{"level":"info","message":"[CreateUser] => login process started"}
{"level":"info","message":"[CreateUser] => login process started"}
{"level":"info","message":"[CreateUser] => login process started"}
{"level":"info","message":"[CreateUser] => login process started"}
{"level":"info","message":"[CreateUser] => login process started"}
{"level":"info","message":"[CreateUser] => login process started"}
{"level":"info","message":"[CreateUser] => login process started"}
{"level":"info","message":"[CreateUser] => login process started"}
{"level":"info","message":"[CreateUser] => login process started"}
{"level":"info","message":"[CreateUser] => login process started"}
{"level":"info","message":"[CreateUser] => login process started"}
{"level":"info","message":"[CreateUser] => login process started"}
{"level":"info","message":"[CreateUser] => login process started"}
{"level":"info","message":"[CreateUser] => login process started"}
{"level":"info","message":"[CreateUser] => login process started"}
{"level":"info","message":"[CreateUser] => login process started"}
{"level":"info","message":"[CreateUser] => login process started"}
{"level":"info","message":"[CreateUser] => login process started"}
{"level":"info","message":"[CreateUser] => login process started"}
{"level":"info","message":"[CreateUser] => login process started"}
{"level":"info","message":"[CreateUser] => login process started"}
{"level":"info","message":"[CreateUser] => login process started"}
{"level":"info","message":"[CreateUser] => login process started"}
{"level":"info","message":"[CreateUser] => login process started"}
{"level":"info","message":"[CreateUser] => login process started"}
{"level":"info","message":"[Authenticate user] => login process started"}
{"level":"info","message":"[Give user access] => login process successful"}
{"level":"info","message":"[CreateUser] => Signup process started"}
{"level":"info","message":"[CreateUser] => User with lookman@gmail.com created successfully"}
{"level":"info","message":"[Authenticate user] => login process started"}
{"level":"info","message":"[Give user access] => login process successful"}
{"level":"info","message":"[CreateBlog] => Starting blog creation"}
{"level":"info","message":"[CreateBlog] => Blog successfully created as a draft"}
{"level":"info","message":"[Authenticate user] => login process started"}
{"level":"info","message":"[Give user access] => login process successful"}
{"level":"info","message":"[Authenticate user] => login process started"}
{"level":"info","message":"[Give user access] => login process successful"}
{"level":"info","message":"[Authenticate user] => login process started"}
{"level":"info","message":"[Give user access] => login process successful"}
{"level":"info","message":"[Authenticate user] => login process started"}
{"level":"info","message":"[Give user access] => login process successful"}
{"level":"info","message":"[CreateUser] => Signup process started"}
{"level":"info","message":"[CreateUser] => User with email maito4me@example.com created successfully"}
{"level":"info","message":"[Authenticate user] => login process started"}
{"level":"info","message":"[Give user access] => login process successful"}
{"level":"info","message":"[Authenticate user] => login process started"}
{"level":"info","message":"[CreateUser] => Signup process started"}
{"level":"info","message":"[CreateUser] => User with email maito4me@example.com created successfully"}
{"level":"info","message":"[Authenticate user] => login process started"}
{"level":"info","message":"[Give user access] => login process successful"}
{"level":"info","message":"[Authenticate user] => login process started"}
{"level":"info","message":"[CreateUser] => Signup process started"}
{"level":"info","message":"[CreateUser] => User with email  created successfully"}
{"level":"info","message":"[Authenticate user] => login process started"}
{"level":"info","message":"[Give user access] => login process successful"}
{"level":"info","message":"[Authenticate user] => login process started"}
{"level":"info","message":"[Give user access] => login process successful"}
{"level":"info","message":"[Authenticate user] => login process started"}
{"level":"info","message":"[Give user access] => login process successful"}
{"level":"info","message":"[Authenticate user] => login process started"}
{"level":"info","message":"[Authenticate user] => login process started"}
{"level":"info","message":"[Authenticate user] => login process started"}
{"level":"info","message":"[Authenticate user] => login process started"}
{"level":"info","message":"[Authenticate user] => login process started"}
{"level":"info","message":"[Give user access] => login process successful"}
{"level":"info","message":"[Authenticate user] => login process started"}
{"level":"info","message":"[Give user access] => login process successful"}
{"level":"info","message":"[Authenticate user] => login process started"}
{"level":"info","message":"[Give user access] => login process successful"}
{"level":"info","message":"[Authenticate user] => login process started"}
{"level":"info","message":"[Give user access] => login process successful"}
{"level":"info","message":"[CreateUser] => Signup process started"}
{"level":"info","message":"[CreateUser] => User with email maito4me@example.com created successfully"}
{"level":"info","message":"[Authenticate user] => login process started"}
{"level":"info","message":"[Give user access] => login process successful"}
{"level":"info","message":"[Authenticate user] => login process started"}
{"level":"info","message":"[CreateUser] => Signup process started"}
{"level":"info","message":"[CreateUser] => User with email maito4me@example.com created successfully"}
{"level":"info","message":"[Authenticate user] => login process started"}
{"level":"info","message":"[Give user access] => login process successful"}
{"level":"info","message":"[Authenticate user] => login process started"}
{"level":"info","message":"[CreateUser] => Signup process started"}
{"level":"info","message":"[CreateUser] => User with email maito4me@example.com created successfully"}
{"level":"info","message":"[Authenticate user] => login process started"}
{"level":"info","message":"[Give user access] => login process successful"}
{"level":"info","message":"[Authenticate user] => login process started"}
{"level":"info","message":"[CreateUser] => Signup process started"}
{"level":"info","message":"[CreateUser] => User with email maito4me@example.com created successfully"}
{"level":"info","message":"[Authenticate user] => login process started"}
{"level":"info","message":"[Give user access] => login process successful"}
{"level":"info","message":"[Authenticate user] => login process started"}
{"level":"info","message":"[Authenticate user] => login process started"}
{"level":"info","message":"[Give user access] => login process successful"}
{"level":"info","message":"[Authenticate user] => login process started"}
{"level":"info","message":"[Authenticate user] => login process started"}
{"level":"info","message":"[Give user access] => login process successful"}
{"level":"info","message":"[Authenticate user] => login process started"}
{"level":"info","message":"[Authenticate user] => login process started"}
{"level":"info","message":"[Give user access] => login process successful"}
{"level":"info","message":"[Authenticate user] => login process started"}
{"level":"error","message":"Client must be connected before running operations"}
{"level":"info","message":"[Authenticate user] => login process started"}
{"level":"info","message":"[Give user access] => login process successful"}
{"level":"info","message":"[Authenticate user] => login process started"}
{"level":"error","message":"Client must be connected before running operations"}
{"level":"info","message":"[Authenticate user] => login process started"}
{"level":"info","message":"[Give user access] => login process successful"}
{"level":"info","message":"[Authenticate user] => login process started"}
{"level":"info","message":"[Authenticate user] => login process started"}
{"level":"info","message":"[Give user access] => login process successful"}
{"level":"info","message":"[Authenticate user] => login process started"}
{"level":"error","message":"Client must be connected before running operations"}
{"level":"info","message":"[Authenticate user] => login process started"}
{"level":"info","message":"[Give user access] => login process successful"}
{"level":"info","message":"[Authenticate user] => login process started"}
{"level":"error","message":"Client must be connected before running operations"}
{"level":"info","message":"[Authenticate user] => login process started"}
{"level":"info","message":"[Give user access] => login process successful"}
{"level":"info","message":"[Authenticate user] => login process started"}
{"level":"error","message":"Client must be connected before running operations"}
{"level":"info","message":"[Authenticate user] => login process started"}
{"level":"info","message":"[Give user access] => login process successful"}
{"level":"info","message":"[Authenticate user] => login process started"}
{"level":"info","message":"[Authenticate user] => login process started"}
{"level":"info","message":"[Give user access] => login process successful"}
{"level":"info","message":"[Authenticate user] => login process started"}
{"level":"info","message":"[Give user access] => login process successful"}
{"level":"info","message":"[Authenticate user] => login process started"}
{"level":"error","message":"Client must be connected before running operations"}
{"level":"info","message":"[Authenticate user] => login process started"}
{"level":"info","message":"[Give user access] => login process successful"}
{"level":"info","message":"[Authenticate user] => login process started"}
{"level":"error","message":"Client must be connected before running operations"}
{"level":"info","message":"[Authenticate user] => login process started"}
{"level":"info","message":"[Give user access] => login process successful"}
{"level":"info","message":"[Authenticate user] => login process started"}
{"level":"error","message":"Client must be connected before running operations"}
{"level":"info","message":"[Authenticate user] => login process started"}
{"level":"info","message":"[Give user access] => login process successful"}
{"level":"info","message":"[Authenticate user] => login process started"}
{"level":"error","message":"Client must be connected before running operations"}
{"level":"info","message":"[Authenticate user] => login process started"}
{"level":"info","message":"[Give user access] => login process successful"}
{"level":"info","message":"[Authenticate user] => login process started"}
{"level":"error","message":"Client must be connected before running operations"}
{"level":"info","message":"[Authenticate user] => login process started"}
{"level":"info","message":"[Give user access] => login process successful"}
{"level":"info","message":"[Authenticate user] => login process started"}
{"level":"info","message":"[Authenticate user] => login process started"}
{"level":"info","message":"[Give user access] => login process successful"}
{"level":"info","message":"[Authenticate user] => login process started"}
{"level":"error","message":"Client must be connected before running operations"}
{"level":"info","message":"[Authenticate user] => login process started"}
{"level":"info","message":"[Give user access] => login process successful"}
{"level":"info","message":"[Authenticate user] => login process started"}
{"level":"error","message":"Client must be connected before running operations"}
{"level":"info","message":"[Authenticate user] => login process started"}
{"level":"info","message":"[Give user access] => login process successful"}
{"level":"info","message":"[Authenticate user] => login process started"}
{"level":"info","message":"[Authenticate user] => login process started"}
{"level":"info","message":"[Give user access] => login process successful"}
{"level":"info","message":"[Authenticate user] => login process started"}
{"level":"info","message":"[Authenticate user] => login process started"}
{"level":"info","message":"[Give user access] => login process successful"}
{"level":"info","message":"[Authenticate user] => login process started"}
{"level":"info","message":"[Authenticate user] => login process started"}
{"level":"info","message":"[Give user access] => login process successful"}
{"level":"info","message":"[Authenticate user] => login process started"}
{"level":"info","message":"[Authenticate user] => login process started"}
{"level":"info","message":"[Give user access] => login process successful"}
{"level":"info","message":"[Authenticate user] => login process started"}
{"level":"info","message":"[Authenticate user] => login process started"}
{"level":"info","message":"[Give user access] => login process successful"}
{"level":"info","message":"[Authenticate user] => login process started"}
{"level":"info","message":"[Authenticate user] => login process started"}
{"level":"info","message":"[Give user access] => login process successful"}
{"level":"info","message":"[Authenticate user] => login process started"}
{"level":"info","message":"[Authenticate user] => login process started"}
{"level":"info","message":"[Give user access] => login process successful"}
{"level":"info","message":"[Authenticate user] => login process started"}
{"level":"info","message":"[Authenticate user] => login process started"}
{"level":"info","message":"[Give user access] => login process successful"}
{"level":"info","message":"[Authenticate user] => login process started"}
{"level":"info","message":"[CreateUser] => Signup process started"}
{"level":"info","message":"[CreateUser] => User with email maito4me@example.com created successfully"}
{"level":"info","message":"[Authenticate user] => login process started"}
{"level":"info","message":"[Give user access] => login process successful"}
{"level":"info","message":"[Authenticate user] => login process started"}
{"level":"info","message":"[CreateUser] => Signup process started"}
{"level":"info","message":"[CreateUser] => User with email maito4me@example.com created successfully"}
{"level":"info","message":"[Authenticate user] => login process started"}
{"level":"info","message":"[Give user access] => login process successful"}
{"level":"info","message":"[Authenticate user] => login process started"}
{"level":"info","message":"[CreateUser] => Signup process started"}
{"level":"info","message":"[CreateUser] => User with email maito4me@example.com created successfully"}
{"level":"info","message":"[Authenticate user] => login process started"}
{"level":"info","message":"[Give user access] => login process successful"}
{"level":"info","message":"[Authenticate user] => login process started"}
{"level":"info","message":"[CreateUser] => Signup process started"}
{"level":"info","message":"[CreateUser] => User with email maito4me@example.com created successfully"}
{"level":"info","message":"[Authenticate user] => login process started"}
{"level":"info","message":"[Give user access] => login process successful"}
{"level":"info","message":"[Authenticate user] => login process started"}
{"level":"info","message":"[CreateUser] => Signup process started"}
{"level":"info","message":"[CreateUser] => User with email maito4me@example.com created successfully"}
{"level":"info","message":"[Authenticate user] => login process started"}
{"level":"info","message":"[Give user access] => login process successful"}
{"level":"info","message":"[Authenticate user] => login process started"}
{"level":"info","message":"[CreateUser] => Signup process started"}
{"level":"info","message":"[CreateUser] => User with email maito4me@example.com created successfully"}
{"level":"info","message":"[Authenticate user] => login process started"}
{"level":"info","message":"[Give user access] => login process successful"}
{"level":"info","message":"[Authenticate user] => login process started"}
{"level":"info","message":"[CreateUser] => Signup process started"}
{"level":"info","message":"[CreateUser] => User with email maito4me@example.com created successfully"}
{"level":"info","message":"[Authenticate user] => login process started"}
{"level":"info","message":"[Give user access] => login process successful"}
{"level":"info","message":"[Authenticate user] => login process started"}
{"level":"info","message":"[CreateUser] => Signup process started"}
{"level":"info","message":"[CreateUser] => User with email maito4me@example.com created successfully"}
{"level":"info","message":"[Authenticate user] => login process started"}
{"level":"info","message":"[Give user access] => login process successful"}
{"level":"info","message":"[Authenticate user] => login process started"}
{"level":"info","message":"[Authenticate user] => login process started"}
{"level":"info","message":"[Give user access] => login process successful"}
{"level":"info","message":"[CreateUser] => Signup process started"}
{"level":"info","message":"[CreateUser] => User with email surecom2019@gmail.com created successfully"}
{"level":"info","message":"[CreateUser] => Signup process started"}
{"level":"info","message":"[CreateUser] => Signup process started"}
{"level":"info","message":"[CreateUser] => Signup process started"}
{"level":"info","message":"[CreateUser] => User with email agbeloba4sem2019@gmail.com created successfully"}
{"level":"info","message":"[CreateUser] => Signup process started"}
{"level":"info","message":"[CreateUser] => User with email rasheedaminat0002@gmail.com created successfully"}
{"level":"info","message":"[CreateUser] => Signup process started"}
{"level":"info","message":"[CreateUser] => User with email maito4us@gmail.com created successfully"}
{"level":"info","message":"[CreateUser] => Signup process started"}
{"level":"info","message":"[CreateUser] => User with email surecom2019@gmail.com created successfully"}
{"level":"info","message":"[CreateUser] => Signup process started"}
{"level":"info","message":"[CreateUser] => User with email surecom2019@gmail.com created successfully"}
{"level":"info","message":"[CreateUser] => Signup process started"}
{"level":"info","message":"[CreateUser] => User with email surecom2019@gmail.com created successfully"}
{"level":"info","message":"[CreateUser] => Signup process started"}
{"level":"info","message":"[CreateUser] => User with email surecom2019@gmail.com created successfully"}
{"level":"info","message":"[CreateUser] => Signup process started"}
{"level":"info","message":"[CreateUser] => User with email surecom2019@gmail.com created successfully"}
{"level":"info","message":"[CreateUser] => Signup process started"}
{"level":"info","message":"[CreateUser] => User with email agbeloba4sem2019@gmail.com created successfully"}
{"level":"info","message":"[CreateUser] => Signup process started"}
{"level":"info","message":"[CreateUser] => User with email agbeloba4sem2019@gmail.com created successfully"}
{"level":"info","message":"[CreateUser] => Signup process started"}
{"level":"info","message":"[CreateUser] => User with email surecom2019@gmail.com created successfully"}
{"level":"info","message":"[Authenticate user] => login process started"}
{"level":"info","message":"[Give user access] => login process successful"}
{"level":"info","message":"[CreateUser] => Signup process started"}
{"level":"info","message":"[CreateUser] => User with email surecom2019@gmail.com created successfully"}
{"level":"info","message":"[CreateUser] => Signup process started"}
{"level":"info","message":"[CreateUser] => Signup process started"}
{"level":"info","message":"[CreateUser] => User with email agbeloba4sem2019@gmail.com created successfully"}
{"level":"info","message":"[CreateUser] => Signup process started"}
{"level":"info","message":"[CreateUser] => User with email gbebi@gmail.com created successfully"}
{"level":"info","message":"[CreateUser] => Signup process started"}
{"level":"info","message":"[CreateUser] => User with email surecom2019@gmail.com created successfully"}
{"level":"info","message":"[CreateUser] => Signup process started"}
{"level":"info","message":"[CreateUser] => User with email agbeloba4sem2019@gmail.com created successfully"}
{"level":"info","message":"[CreateUser] => Signup process started"}
{"level":"info","message":"[CreateUser] => User with email surecom2019@gmail.com created successfully"}
{"level":"info","message":"[Authenticate user] => login process started"}
{"level":"info","message":"[Give user access] => login process successful"}
{"level":"info","message":"[Authenticate user] => login process started"}
{"level":"info","message":"[Give user access] => login process successful"}
{"level":"info","message":"[Authenticate user] => login process started"}
{"level":"info","message":"[Give user access] => login process successful"}
{"level":"info","message":"[Authenticate user] => login process started"}
{"level":"info","message":"[Give user access] => login process successful"}
{"level":"info","message":"[Authenticate user] => login process started"}
{"level":"info","message":"[Give user access] => login process successful"}
{"level":"info","message":"[Authenticate user] => login process started"}
{"level":"info","message":"[Give user access] => login process successful"}
{"level":"info","message":"[Authenticate user] => login process started"}
{"level":"info","message":"[Authenticate user] => login process started"}
{"level":"info","message":"[CreateUser] => Signup process started"}
{"level":"info","message":"[CreateUser] => Signup process started"}
{"level":"info","message":"[CreateUser] => User with email agbeloba4sem2019@gmail.com created successfully"}
{"level":"info","message":"[CreateUser] => Signup process started"}
{"level":"info","message":"[CreateUser] => Signup process started"}
{"level":"info","message":"[CreateUser] => User with email surecom2019@gmail.com created successfully"}
{"level":"info","message":"[Authenticate user] => login process started"}
{"level":"info","message":"[Authenticate user] => login process started"}
{"level":"info","message":"[Give user access] => login process successful"}
{"level":"info","message":"[Authenticate user] => login process started"}
{"level":"info","message":"[Authenticate user] => login process started"}
{"level":"info","message":"[CreateUser] => Signup process started"}
{"level":"info","message":"[CreateUser] => User with email maito4me@gmail.com created successfully"}
{"level":"info","message":"[Authenticate user] => login process started"}
{"level":"info","message":"[Give user access] => login process successful"}
{"level":"info","message":"[CreateBlog] => Starting blog creation"}
{"level":"info","message":"[CreateBlog] => Blog successfully created as a draft"}
{"level":"info","message":"[Authenticate user] => login process started"}
{"level":"info","message":"[Give user access] => login process successful"}
{"level":"info","message":"[Authenticate user] => login process started"}
{"level":"info","message":"[Give user access] => login process successful"}
{"level":"info","message":"[Authenticate user] => login process started"}
{"level":"info","message":"[Give user access] => login process successful"}
{"level":"info","message":"[Authenticate user] => login process started"}
{"level":"info","message":"[Give user access] => login process successful"}
{"level":"info","message":"[CreateBlog] => Starting blog creation"}
{"level":"info","message":"[CreateBlog] => Starting blog creation"}
{"level":"info","message":"[CreateBlog] => Starting blog creation"}
{"level":"info","message":"[CreateBlog] => Blog successfully created as a draft"}
{"level":"info","message":"[Authenticate user] => login process started"}
{"level":"info","message":"[Give user access] => login process successful"}
{"level":"info","message":"[Authenticate user] => login process started"}
{"level":"info","message":"[Give user access] => login process successful"}
{"level":"info","message":"[Authenticate user] => login process started"}
{"level":"info","message":"[Give user access] => login process successful"}
{"level":"info","message":"[Authenticate user] => login process started"}
{"level":"info","message":"[Give user access] => login process successful"}
{"level":"info","message":"[CreateBlog] => Starting blog creation"}
{"level":"info","message":"[CreateBlog] => Blog successfully created as a draft"}
{"level":"info","message":"[Authenticate user] => login process started"}
{"level":"info","message":"[Give user access] => login process successful"}
{"level":"info","message":"[CreateBlog] => Starting blog creation"}
{"level":"info","message":"[CreateBlog] => Blog successfully created as a draft"}
{"level":"info","message":"[Authenticate user] => login process started"}
{"level":"info","message":"[Give user access] => login process successful"}
{"level":"info","message":"[Authenticate user] => login process started"}
{"level":"info","message":"[Give user access] => login process successful"}
{"level":"info","message":"[Authenticate user] => login process started"}
{"level":"info","message":"[Give user access] => login process successful"}
{"level":"info","message":"[Authenticate user] => login process started"}
{"level":"info","message":"[Give user access] => login process successful"}
{"level":"info","message":"[Authenticate user] => login process started"}
{"level":"info","message":"[Give user access] => login process successful"}
{"level":"info","message":"[Authenticate user] => login process started"}
{"level":"info","message":"[Give user access] => login process successful"}
{"level":"info","message":"[Authenticate user] => login process started"}
{"level":"info","message":"[Give user access] => login process successful"}
{"level":"info","message":"[Authenticate user] => login process started"}
{"level":"info","message":"[Give user access] => login process successful"}
{"level":"info","message":"[CreateUser] => Signup process started"}
{"level":"error"}
{"level":"info","message":"[CreateUser] => Signup process started"}
{"level":"error"}
{"level":"info","message":"[CreateUser] => Signup process started"}
{"level":"error"}
{"level":"info","message":"[CreateUser] => Signup process started"}
{"level":"error"}
{"level":"info","message":"[CreateUser] => Signup process started"}
{"level":"info","message":"[CreateUser] => Signup process started"}
{"level":"error"}
{"level":"info","message":"[CreateUser] => Signup process started"}
{"level":"error"}
{"level":"info","message":"[CreateUser] => Signup process started"}
{"level":"error"}
{"level":"info","message":"[CreateUser] => Signup process started"}
{"level":"info","message":"[CreateUser] => Signup process started"}
{"level":"info","message":"[Authenticate user] => login process started"}
{"level":"info","message":"[Give user access] => login process successful"}
{"level":"info","message":"[CreateUser] => Signup process started"}
{"level":"info","message":"[CreateUser] => Signup process started"}
{"level":"info","message":"[CreateUser] => Signup process started"}
{"level":"info","message":"[CreateUser] => Signup process started"}
{"level":"info","message":"[CreateUser] => Signup process started"}
{"level":"info","message":"[CreateUser] => Signup process started"}
{"level":"info","message":"[CreateUser] => Signup process started"}
{"level":"info","message":"[CreateUser] => Signup process started"}
{"level":"info","message":"[CreateUser] => User with email surecom2019@gmail.com created successfully"}
{"level":"info","message":"[Authenticate user] => login process started"}
{"level":"info","message":"[Give user access] => login process successful"}
{"level":"info","message":"[Authenticate user] => login process started"}
{"level":"info","message":"[Give user access] => login process successful"}
{"level":"info","message":"[CreateBlog] => Starting blog creation"}
{"level":"info","message":"[CreateBlog] => Blog successfully created as a draft"}
{"level":"info","message":"[Authenticate user] => login process started"}
{"level":"info","message":"[Give user access] => login process successful"}
{"level":"info","message":"[Authenticate user] => login process started"}
{"level":"info","message":"[Give user access] => login process successful"}
{"level":"info","message":"[Authenticate user] => login process started"}
{"level":"error","message":"Cannot read properties of undefined (reading 'secure_url')"}
{"level":"info","message":"[Authenticate user] => login process started"}
{"level":"error","message":"Cannot read properties of undefined (reading 'secure_url')"}
{"level":"info","message":"[Authenticate user] => login process started"}
{"level":"error","message":"Cannot read properties of undefined (reading 'secure_url')"}
{"level":"info","message":"[Authenticate user] => login process started"}
{"level":"info","message":"[Give user access] => login process successful"}
{"level":"info","message":"[CreateUser] => User with email agbeloba4sem2019@gmail.com created successfully"}
{"level":"info","message":"[Authenticate user] => login process started"}
{"level":"info","message":"[Authenticate user] => login process started"}
{"level":"info","message":"[Give user access] => login process successful"}
{"level":"info","message":"[CreateBlog] => Starting blog creation"}
{"level":"info","message":"[CreateBlog] => Blog successfully created as a draft"}
{"level":"info","message":"[Authenticate user] => login process started"}
{"level":"info","message":"[Give user access] => login process successful"}
{"level":"info","message":"[Authenticate user] => login process started"}
{"level":"info","message":"[Give user access] => login process successful"}
{"level":"info","message":"[Authenticate user] => login process started"}
{"level":"info","message":"[Give user access] => login process successful"}
{"level":"info","message":"[Authenticate user] => login process started"}
{"level":"info","message":"[Give user access] => login process successful"}
{"level":"info","message":"[Authenticate user] => login process started"}
{"level":"info","message":"[Give user access] => login process successful"}
{"level":"info","message":"[CreateBlog] => Starting blog creation"}
{"level":"info","message":"[CreateBlog] => Blog successfully created as a draft"}
{"level":"info","message":"[CreateUser] => User with email maito4me@gmail.com created successfully"}
{"level":"info","message":"[Authenticate user] => login process started"}
{"level":"info","message":"[Authenticate user] => login process started"}
{"level":"info","message":"[Give user access] => login process successful"}
{"level":"info","message":"[CreateBlog] => Starting blog creation"}
{"level":"info","message":"[CreateBlog] => Blog successfully created as a draft"}
{"level":"info","message":"[Authenticate user] => login process started"}
{"level":"info","message":"[Authenticate user] => login process started"}
{"level":"info","message":"[Authenticate user] => login process started"}
{"level":"info","message":"[Authenticate user] => login process started"}
{"level":"info","message":"[Authenticate user] => login process started"}
{"level":"info","message":"[Authenticate user] => login process started"}
{"level":"info","message":"[Authenticate user] => login process started"}
{"level":"info","message":"[Authenticate user] => login process started"}
{"level":"info","message":"[Authenticate user] => login process started"}
{"level":"info","message":"[Authenticate user] => login process started"}
{"level":"info","message":"[Authenticate user] => login process started"}
{"level":"info","message":"[Authenticate user] => login process started"}
{"level":"info","message":"[Authenticate user] => login process started"}
{"level":"info","message":"[CreateUser] => User with email maito4me@gmail.com created successfully"}
{"level":"info","message":"[Authenticate user] => login process started"}
{"level":"info","message":"[Authenticate user] => login process started"}
{"level":"info","message":"[Authenticate user] => login process started"}
{"level":"info","message":"[Authenticate user] => login process started"}
{"level":"info","message":"[Authenticate user] => login process started"}
{"level":"info","message":"[Authenticate user] => login process started"}
{"level":"info","message":"[Give user access] => login process successful"}
{"level":"info","message":"[Authenticate user] => login process started"}
{"level":"info","message":"[Give user access] => login process successful"}
{"level":"info","message":"[Authenticate user] => login process started"}
{"level":"info","message":"[Give user access] => login process successful"}
{"level":"info","message":"[Authenticate user] => login process started"}
{"level":"info","message":"[Give user access] => login process successful"}
{"level":"info","message":"[Authenticate user] => login process started"}
{"level":"info","message":"[Give user access] => login process successful"}
{"level":"info","message":"[Authenticate user] => login process started"}
{"level":"info","message":"[Give user access] => login process successful"}
{"level":"info","message":"[Authenticate user] => login process started"}
{"level":"info","message":"[Give user access] => login process successful"}
{"level":"info","message":"[Authenticate user] => login process started"}
{"level":"info","message":"[Give user access] => login process successful"}
{"level":"info","message":"[CreateUser] => User with email surecom2019@gmail.com created successfully"}
{"level":"info","message":"[Authenticate user] => login process started"}
{"level":"info","message":"[Give user access] => login process successful"}
{"level":"info","message":"[Authenticate user] => login process started"}
{"level":"info","message":"[Give user access] => login process successful"}
{"level":"info","message":"[Authenticate user] => login process started"}
{"level":"info","message":"[Authenticate user] => login process started"}
{"level":"info","message":"[Authenticate user] => login process started"}
{"level":"info","message":"[Authenticate user] => login process started"}
{"level":"info","message":"[Give user access] => login process successful"}
{"level":"info","message":"[Authenticate user] => login process started"}
{"level":"info","message":"[Give user access] => login process successful"}
{"level":"info","message":"[CreateUser] => User with email maito4me@gmail.com created successfully"}
{"level":"info","message":"[Authenticate user] => login process started"}
{"level":"info","message":"[Give user access] => login process successful"}
{"level":"info","message":"[Authenticate user] => login process started"}
{"level":"info","message":"[Give user access] => login process successful"}
{"level":"info","message":"[Authenticate user] => login process started"}
{"level":"info","message":"[Authenticate user] => login process started"}
{"level":"info","message":"[Authenticate user] => login process started"}
{"level":"info","message":"[Authenticate user] => login process started"}
{"level":"info","message":"[Give user access] => login process successful"}
{"level":"info","message":"[Authenticate user] => login process started"}
{"level":"info","message":"[Authenticate user] => login process started"}
{"level":"info","message":"[Authenticate user] => login process started"}
{"level":"info","message":"[Authenticate user] => login process started"}
{"level":"info","message":"[Authenticate user] => login process started"}
{"level":"info","message":"[Give user access] => login process successful"}
{"level":"info","message":"[Authenticate user] => login process started"}
{"level":"info","message":"[Authenticate user] => login process started"}
{"level":"info","message":"[Give user access] => login process successful"}
{"level":"info","message":"[Authenticate user] => login process started"}
{"level":"info","message":"[Authenticate user] => login process started"}
{"level":"info","message":"[CreateUser] => User with email surecom2019@gmail.com created successfully"}
{"level":"info","message":"[Authenticate user] => login process started"}
{"level":"info","message":"[Give user access] => login process successful"}
{"level":"info","message":"[Authenticate user] => login process started"}
{"level":"info","message":"[Authenticate user] => login process started"}
{"level":"info","message":"[Authenticate user] => login process started"}
{"level":"info","message":"[Authenticate user] => login process started"}
{"level":"info","message":"[Give user access] => login process successful"}
{"level":"info","message":"[CreateUser] => User with email agbeloba4sem2019@gmail.com created successfully"}
{"level":"info","message":"[Authenticate user] => login process started"}
{"level":"info","message":"[Give user access] => login process successful"}
{"level":"info","message":"[Authenticate user] => login process started"}
{"level":"info","message":"[Authenticate user] => login process started"}
{"level":"info","message":"[Authenticate user] => login process started"}
{"level":"info","message":"[Authenticate user] => login process started"}
{"level":"info","message":"[Authenticate user] => login process started"}
{"level":"info","message":"[Give user access] => login process successful"}
{"level":"info","message":"[CreateUser] => User with email maito4me@gmail.com created successfully"}
{"level":"info","message":"[CreateUser] => User with email surecom2019@gmail.com created successfully"}
{"level":"info","message":"[Authenticate user] => login process started"}
{"level":"info","message":"[Give user access] => login process successful"}
{"level":"info","message":"[Authenticate user] => login process started"}
{"level":"info","message":"[Authenticate user] => login process started"}
{"level":"info","message":"[Authenticate user] => login process started"}
{"level":"info","message":"[Give user access] => login process successful"}
{"level":"info","message":"[CreateUser] => User with email agbeloba4sem2019@gmail.com created successfully"}
{"level":"info","message":"[Authenticate user] => login process started"}
{"level":"info","message":"[Give user access] => login process successful"}
{"level":"info","message":"[CreateUser] => User with email surecom2019@gmail.com created successfully"}
{"level":"info","message":"[Authenticate user] => login process started"}
{"level":"info","message":"[Authenticate user] => login process started"}
{"level":"info","message":"[Give user access] => login process successful"}
{"level":"info","message":"[Authenticate user] => login process started"}
{"level":"info","message":"[Authenticate user] => login process started"}
{"level":"info","message":"[CreateUser] => User with email agbeloba4sem2019@gmail.com created successfully"}
{"level":"info","message":"[Authenticate user] => login process started"}
{"level":"info","message":"[Authenticate user] => login process started"}
{"level":"info","message":"[Authenticate user] => login process started"}
{"level":"info","message":"[Give user access] => login process successful"}
{"level":"info","message":"[Authenticate user] => login process started"}
{"level":"info","message":"[Give user access] => login process successful"}
{"level":"info","message":"[Authenticate user] => login process started"}
{"level":"info","message":"[Authenticate user] => login process started"}
{"level":"info","message":"[Authenticate user] => login process started"}
{"level":"info","message":"[Authenticate user] => login process started"}
{"level":"info","message":"[Give user access] => login process successful"}
{"level":"info","message":"[Authenticate user] => login process started"}
{"level":"info","message":"[Give user access] => login process successful"}
{"level":"info","message":"[CreateBlog] => Starting blog creation"}
{"level":"info","message":"[CreateBlog] => Blog successfully created as a draft"}
{"level":"info","message":"[Authenticate user] => login process started"}
{"level":"info","message":"[Authenticate user] => login process started"}
{"level":"info","message":"[Authenticate user] => login process started"}
{"level":"info","message":"[Give user access] => login process successful"}
{"level":"info","message":"[Authenticate user] => login process started"}
{"level":"info","message":"[Give user access] => login process successful"}
{"level":"info","message":"[CreateBlog] => Starting blog creation"}
{"level":"info","message":"[CreateBlog] => Blog successfully created as a draft"}
{"level":"info","message":"[CreateBlog] => Starting blog creation"}
{"level":"info","message":"[CreateBlog] => Blog successfully created as a draft"}
{"level":"info","message":"[CreateBlog] => Starting blog creation"}
{"level":"info","message":"[CreateBlog] => Blog successfully created as a draft"}
{"level":"info","message":"[Authenticate user] => login process started"}
{"level":"info","message":"[Give user access] => login process successful"}
{"level":"info","message":"[CreateBlog] => Starting blog creation"}
{"level":"info","message":"[CreateBlog] => Blog successfully created as a draft"}
{"level":"info","message":"[CreateBlog] => Starting blog creation"}
{"level":"info","message":"[CreateBlog] => Blog successfully created as a draft"}
{"level":"info","message":"[CreateBlog] => Starting blog creation"}
{"level":"info","message":"[CreateBlog] => Blog successfully created as a draft"}
{"level":"info","message":"[CreateBlog] => Starting blog creation"}
{"level":"info","message":"[CreateBlog] => Blog successfully created as a draft"}
{"level":"info","message":"[CreateBlog] => Starting blog creation"}
{"level":"info","message":"[CreateBlog] => Blog successfully created as a draft"}
{"level":"info","message":"[Authenticate user] => login process started"}
{"level":"info","message":"[Give user access] => login process successful"}
{"level":"info","message":"[CreateBlog] => Starting blog creation"}
{"level":"info","message":"[CreateBlog] => Blog successfully created as a draft"}
{"level":"info","message":"[CreateBlog] => Starting blog creation"}
{"level":"info","message":"[CreateBlog] => Blog successfully created as a draft"}
{"level":"info","message":"[CreateBlog] => Starting blog creation"}
{"level":"info","message":"[CreateBlog] => Blog successfully created as a draft"}
{"level":"info","message":"[Authenticate user] => login process started"}
{"level":"info","message":"[Give user access] => login process successful"}
{"level":"info","message":"[Authenticate user] => login process started"}
{"level":"info","message":"[Authenticate user] => login process started"}
{"level":"info","message":"[Give user access] => login process successful"}
{"level":"info","message":"[Authenticate user] => login process started"}
{"level":"info","message":"[Give user access] => login process successful"}
{"level":"info","message":"[CreateUser] => User with email surecom2019@gmail.com created successfully"}
{"level":"info","message":"[Authenticate user] => login process started"}
{"level":"info","message":"[Authenticate user] => login process started"}
{"level":"info","message":"[Give user access] => login process successful"}
{"level":"info","message":"[CreateBlog] => Starting blog creation"}
{"level":"info","message":"[CreateBlog] => Blog successfully created as a draft"}
{"level":"info","message":"[Authenticate user] => login process started"}
{"level":"info","message":"[Give user access] => login process successful"}
{"level":"info","message":"[Authenticate user] => login process started"}
{"level":"info","message":"[Give user access] => login process successful"}
